<?xml version="1.0" encoding="UTF-8"?>
<testsuite xmlns:xsi="http://www.w3.org/2001/XMLSchema-instance" xsi:noNamespaceSchemaLocation="https://maven.apache.org/surefire/maven-surefire-plugin/xsd/surefire-test-report-3.0.xsd" version="3.0" name="StudentTest" time="0.301" tests="5" errors="0" skipped="0" failures="0">
  <properties>
[...]
</properties>
  <testcase name="testMain" classname="StudentTest" time="0.021"/>
  <testcase name="testGradeFail" classname="StudentTest" time="0.0"/>
  <testcase name="testGradePass" classname="StudentTest" time="0.0"/>
  <testcase name="testAddStudent" classname="StudentTest" time="0.0"/>
  <testcase name="testGradeDistinction" classname="StudentTest" time="0.0"/>
</testsuite>